bbl loader
LOAD INPUT 0X00000F00 0X0000
LOAD WEIGHT 0X0000F000 0X0000
LOAD WEIGHT 0X0000F080 0X0001
LOAD WEIGHT 0X0000F100 0X0002
LOAD WEIGHT 0X0000F180 0X0003
LOAD WEIGHT 0X0000F200 0X0004
LOAD WEIGHT 0X0000F280 0X0005
LOAD WEIGHT 0X0000F300 0X0006
LOAD WEIGHT 0X0000F380 0X0007
LOAD WEIGHT 0X0000F400 0X0008
LOAD WEIGHT 0X0000F480 0X0009
LOAD WEIGHT 0X0000F500 0X000A
LOAD WEIGHT 0X0000F580 0X000B
LOAD WEIGHT 0X0000F600 0X000C
LOAD WEIGHT 0X0000F680 0X000D
LOAD WEIGHT 0X0000F700 0X000E
LOAD WEIGHT 0X0000F780 0X000F
LOAD WEIGHT 0X0000F800 0X0010
LOAD WEIGHT 0X0000F880 0X0011
LOAD WEIGHT 0X0000F900 0X0012
LOAD WEIGHT 0X0000F980 0X0013
LOAD WEIGHT 0X0000FA00 0X0014
LOAD WEIGHT 0X0000FA80 0X0015
LOAD WEIGHT 0X0000FB00 0X0016
LOAD WEIGHT 0X0000FB80 0X0017
LOAD WEIGHT 0X0000FC00 0X0018
LOAD WEIGHT 0X0000FC80 0X0019
LOAD WEIGHT 0X0000FD00 0X001A
LOAD WEIGHT 0X0000FD80 0X001B
LOAD WEIGHT 0X0000FE00 0X001C
LOAD WEIGHT 0X0000FE80 0X001D
LOAD WEIGHT 0X0000FF00 0X001E
LOAD WEIGHT 0X0000FF80 0X001F
LOAD WEIGHT 0X00010000 0X0020
LOAD WEIGHT 0X00010080 0X0021
LOAD WEIGHT 0X00010100 0X0022
LOAD WEIGHT 0X00010180 0X0023
LOAD WEIGHT 0X00010200 0X0024
LOAD WEIGHT 0X00010280 0X0025
LOAD WEIGHT 0X00010300 0X0026
LOAD WEIGHT 0X00010380 0X0027
LOAD WEIGHT 0X00010400 0X0028
LOAD WEIGHT 0X00010480 0X0029
LOAD WEIGHT 0X00010500 0X002A
LOAD WEIGHT 0X00010580 0X002B
LOAD WEIGHT 0X00010600 0X002C
LOAD WEIGHT 0X00010680 0X002D
LOAD WEIGHT 0X00010700 0X002E
LOAD WEIGHT 0X00010780 0X002F
LOAD WEIGHT 0X00010800 0X0030
LOAD WEIGHT 0X00010880 0X0031
LOAD WEIGHT 0X00010900 0X0032
LOAD WEIGHT 0X00010980 0X0033
LOAD WEIGHT 0X00010A00 0X0034
LOAD WEIGHT 0X00010A80 0X0035
LOAD WEIGHT 0X00010B00 0X0036
LOAD WEIGHT 0X00010B80 0X0037
LOAD WEIGHT 0X00010C00 0X0038
LOAD WEIGHT 0X00010C80 0X0039
LOAD WEIGHT 0X00010D00 0X003A
LOAD WEIGHT 0X00010D80 0X003B
LOAD WEIGHT 0X00010E00 0X003C
LOAD WEIGHT 0X00010E80 0X003D
LOAD WEIGHT 0X00010F00 0X003E
LOAD WEIGHT 0X00010F80 0X003F
LOAD WEIGHT 0X00011000 0X0040
LOAD WEIGHT 0X00011080 0X0041
LOAD WEIGHT 0X00011100 0X0042
LOAD WEIGHT 0X00011180 0X0043
LOAD WEIGHT 0X00011200 0X0044
LOAD WEIGHT 0X00011280 0X0045
LOAD WEIGHT 0X00011300 0X0046
LOAD WEIGHT 0X00011380 0X0047
LOAD WEIGHT 0X00011400 0X0048
LOAD WEIGHT 0X00011480 0X0049
LOAD WEIGHT 0X00011500 0X004A
LOAD WEIGHT 0X00011580 0X004B
LOAD WEIGHT 0X00011600 0X004C
LOAD WEIGHT 0X00011680 0X004D
LOAD WEIGHT 0X00011700 0X004E
LOAD WEIGHT 0X00011780 0X004F
LOAD WEIGHT 0X00011800 0X0050
LOAD WEIGHT 0X00011880 0X0051
LOAD WEIGHT 0X00011900 0X0052
LOAD WEIGHT 0X00011980 0X0053
LOAD WEIGHT 0X00011A00 0X0054
LOAD WEIGHT 0X00011A80 0X0055
LOAD WEIGHT 0X00011B00 0X0056
LOAD WEIGHT 0X00011B80 0X0057
LOAD WEIGHT 0X00011C00 0X0058
LOAD WEIGHT 0X00011C80 0X0059
LOAD WEIGHT 0X00011D00 0X005A
LOAD WEIGHT 0X00011D80 0X005B
LOAD WEIGHT 0X00011E00 0X005C
LOAD WEIGHT 0X00011E80 0X005D
LOAD WEIGHT 0X00011F00 0X005E
LOAD WEIGHT 0X00011F80 0X005F
LOAD WEIGHT 0X00012000 0X0060
LOAD WEIGHT 0X00012080 0X0061
LOAD WEIGHT 0X00012100 0X0062
LOAD WEIGHT 0X00012180 0X0063
LOAD WEIGHT 0X00012200 0X0064
LOAD WEIGHT 0X00012280 0X0065
LOAD WEIGHT 0X00012300 0X0066
LOAD WEIGHT 0X00012380 0X0067
LOAD WEIGHT 0X00012400 0X0068
LOAD WEIGHT 0X00012480 0X0069
LOAD WEIGHT 0X00012500 0X006A
LOAD WEIGHT 0X00012580 0X006B
LOAD WEIGHT 0X00012600 0X006C
LOAD WEIGHT 0X00012680 0X006D
LOAD WEIGHT 0X00012700 0X006E
LOAD WEIGHT 0X00012780 0X006F
LOAD WEIGHT 0X00012800 0X0070
LOAD WEIGHT 0X00012880 0X0071
LOAD WEIGHT 0X00012900 0X0072
LOAD WEIGHT 0X00012980 0X0073
LOAD WEIGHT 0X00012A00 0X0074
LOAD WEIGHT 0X00012A80 0X0075
LOAD WEIGHT 0X00012B00 0X0076
LOAD WEIGHT 0X00012B80 0X0077
LOAD WEIGHT 0X00012C00 0X0078
LOAD WEIGHT 0X00012C80 0X0079
LOAD WEIGHT 0X00012D00 0X007A
LOAD WEIGHT 0X00012D80 0X007B
LOAD WEIGHT 0X00012E00 0X007C
LOAD WEIGHT 0X00012E80 0X007D
LOAD WEIGHT 0X00012F00 0X007E
LOAD WEIGHT 0X00012F80 0X007F
LOAD WEIGHT 0X00013000 0X0080
LOAD WEIGHT 0X00013080 0X0081
LOAD WEIGHT 0X00013100 0X0082
LOAD WEIGHT 0X00013180 0X0083
LOAD WEIGHT 0X00013200 0X0084
LOAD WEIGHT 0X00013280 0X0085
LOAD WEIGHT 0X00013300 0X0086
LOAD WEIGHT 0X00013380 0X0087
LOAD WEIGHT 0X00013400 0X0088
LOAD WEIGHT 0X00013480 0X0089
LOAD WEIGHT 0X00013500 0X008A
LOAD WEIGHT 0X00013580 0X008B
LOAD WEIGHT 0X00013600 0X008C
LOAD WEIGHT 0X00013680 0X008D
LOAD WEIGHT 0X00013700 0X008E
LOAD WEIGHT 0X00013780 0X008F
LOAD WEIGHT 0X00013800 0X0090
LOAD WEIGHT 0X00013880 0X0091
LOAD WEIGHT 0X00013900 0X0092
LOAD WEIGHT 0X00013980 0X0093
LOAD WEIGHT 0X00013A00 0X0094
LOAD WEIGHT 0X00013A80 0X0095
LOAD WEIGHT 0X00013B00 0X0096
LOAD WEIGHT 0X00013B80 0X0097
LOAD WEIGHT 0X00013C00 0X0098
LOAD WEIGHT 0X00013C80 0X0099
LOAD WEIGHT 0X00013D00 0X009A
LOAD WEIGHT 0X00013D80 0X009B
LOAD WEIGHT 0X00013E00 0X009C
LOAD WEIGHT 0X00013E80 0X009D
LOAD WEIGHT 0X00013F00 0X009E
LOAD WEIGHT 0X00013F80 0X009F
LOAD WEIGHT 0X00014000 0X00A0
LOAD WEIGHT 0X00014080 0X00A1
LOAD WEIGHT 0X00014100 0X00A2
LOAD WEIGHT 0X00014180 0X00A3
LOAD WEIGHT 0X00014200 0X00A4
LOAD WEIGHT 0X00014280 0X00A5
LOAD WEIGHT 0X00014300 0X00A6
LOAD WEIGHT 0X00014380 0X00A7
LOAD WEIGHT 0X00014400 0X00A8
LOAD WEIGHT 0X00014480 0X00A9
LOAD WEIGHT 0X00014500 0X00AA
LOAD WEIGHT 0X00014580 0X00AB
LOAD WEIGHT 0X00014600 0X00AC
LOAD WEIGHT 0X00014680 0X00AD
LOAD WEIGHT 0X00014700 0X00AE
LOAD WEIGHT 0X00014780 0X00AF
LOAD WEIGHT 0X00014800 0X00B0
LOAD WEIGHT 0X00014880 0X00B1
LOAD WEIGHT 0X00014900 0X00B2
LOAD WEIGHT 0X00014980 0X00B3
LOAD WEIGHT 0X00014A00 0X00B4
LOAD WEIGHT 0X00014A80 0X00B5
LOAD WEIGHT 0X00014B00 0X00B6
LOAD WEIGHT 0X00014B80 0X00B7
LOAD WEIGHT 0X00014C00 0X00B8
LOAD WEIGHT 0X00014C80 0X00B9
LOAD WEIGHT 0X00014D00 0X00BA
LOAD WEIGHT 0X00014D80 0X00BB
LOAD WEIGHT 0X00014E00 0X00BC
LOAD WEIGHT 0X00014E80 0X00BD
LOAD WEIGHT 0X00014F00 0X00BE
LOAD WEIGHT 0X00014F80 0X00BF
LOAD WEIGHT 0X00015000 0X00C0
LOAD WEIGHT 0X00015080 0X00C1
LOAD WEIGHT 0X00015100 0X00C2
LOAD WEIGHT 0X00015180 0X00C3
LOAD WEIGHT 0X00015200 0X00C4
LOAD WEIGHT 0X00015280 0X00C5
LOAD WEIGHT 0X00015300 0X00C6
LOAD WEIGHT 0X00015380 0X00C7
LOAD WEIGHT 0X00015400 0X00C8
LOAD WEIGHT 0X00015480 0X00C9
LOAD WEIGHT 0X00015500 0X00CA
LOAD WEIGHT 0X00015580 0X00CB
LOAD WEIGHT 0X00015600 0X00CC
LOAD WEIGHT 0X00015680 0X00CD
LOAD WEIGHT 0X00015700 0X00CE
LOAD WEIGHT 0X00015780 0X00CF
LOAD WEIGHT 0X00015800 0X00D0
LOAD WEIGHT 0X00015880 0X00D1
LOAD WEIGHT 0X00015900 0X00D2
LOAD WEIGHT 0X00015980 0X00D3
LOAD WEIGHT 0X00015A00 0X00D4
LOAD WEIGHT 0X00015A80 0X00D5
LOAD WEIGHT 0X00015B00 0X00D6
LOAD WEIGHT 0X00015B80 0X00D7
LOAD WEIGHT 0X00015C00 0X00D8
LOAD WEIGHT 0X00015C80 0X00D9
LOAD WEIGHT 0X00015D00 0X00DA
LOAD WEIGHT 0X00015D80 0X00DB
LOAD WEIGHT 0X00015E00 0X00DC
LOAD WEIGHT 0X00015E80 0X00DD
LOAD WEIGHT 0X00015F00 0X00DE
LOAD WEIGHT 0X00015F80 0X00DF
LOAD WEIGHT 0X00016000 0X00E0
LOAD WEIGHT 0X00016080 0X00E1
LOAD WEIGHT 0X00016100 0X00E2
LOAD WEIGHT 0X00016180 0X00E3
LOAD WEIGHT 0X00016200 0X00E4
LOAD WEIGHT 0X00016280 0X00E5
LOAD WEIGHT 0X00016300 0X00E6
LOAD WEIGHT 0X00016380 0X00E7
LOAD WEIGHT 0X00016400 0X00E8
LOAD WEIGHT 0X00016480 0X00E9
LOAD WEIGHT 0X00016500 0X00EA
LOAD WEIGHT 0X00016580 0X00EB
LOAD WEIGHT 0X00016600 0X00EC
LOAD WEIGHT 0X00016680 0X00ED
LOAD WEIGHT 0X00016700 0X00EE
LOAD WEIGHT 0X00016780 0X00EF
LOAD WEIGHT 0X00016800 0X00F0
LOAD WEIGHT 0X00016880 0X00F1
LOAD WEIGHT 0X00016900 0X00F2
LOAD WEIGHT 0X00016980 0X00F3
LOAD WEIGHT 0X00016A00 0X00F4
LOAD WEIGHT 0X00016A80 0X00F5
LOAD WEIGHT 0X00016B00 0X00F6
LOAD WEIGHT 0X00016B80 0X00F7
LOAD WEIGHT 0X00016C00 0X00F8
LOAD WEIGHT 0X00016C80 0X00F9
LOAD WEIGHT 0X00016D00 0X00FA
LOAD WEIGHT 0X00016D80 0X00FB
LOAD WEIGHT 0X00016E00 0X00FC
LOAD WEIGHT 0X00016E80 0X00FD
LOAD WEIGHT 0X00016F00 0X00FE
LOAD WEIGHT 0X00016F80 0X00FF
Storing outputs succeeded at 0X000000f0!
